<html>
<head>
<title>TestNG:  DoceoFullRegression</title>
<link href="../testng.css" rel="stylesheet" type="text/css" />
<link href="../my-testng.css" rel="stylesheet" type="text/css" />

<style type="text/css">
.log { display: none;} 
.stack-trace { display: none;} 
</style>
<script type="text/javascript">
<!--
function flip(e) {
  current = e.style.display;
  if (current == 'block') {
    e.style.display = 'none';
    return 0;
  }
  else {
    e.style.display = 'block';
    return 1;
  }
}

function toggleBox(szDivId, elem, msg1, msg2)
{
  var res = -1;  if (document.getElementById) {
    res = flip(document.getElementById(szDivId));
  }
  else if (document.all) {
    // this is the way old msie versions work
    res = flip(document.all[szDivId]);
  }
  if(elem) {
    if(res == 0) elem.innerHTML = msg1; else elem.innerHTML = msg2;
  }

}

function toggleAllBoxes() {
  if (document.getElementsByTagName) {
    d = document.getElementsByTagName('div');
    for (i = 0; i < d.length; i++) {
      if (d[i].className == 'log') {
        flip(d[i]);
      }
    }
  }
}

// -->
</script>

</head>
<body>
<h2 align='center'>DoceoFullRegression</h2><table border='1' align="center">
<tr>
<td>Tests passed/Failed/Skipped:</td><td>8/0/2</td>
</tr><tr>
<td>Started on:</td><td>Tue Feb 24 17:57:08 IST 2026</td>
</tr>
<tr><td>Total time:</td><td>103 seconds (103152 ms)</td>
</tr><tr>
<td>Included groups:</td><td></td>
</tr><tr>
<td>Excluded groups:</td><td></td>
</tr>
</table><p/>
<small><i>(Hover the method name to see the test class name)</i></small><p/>
<table width='100%' border='1' class='invocation-passed'>
<tr><td colspan='4' align='center'><b>PASSED TESTS</b></td></tr>
<tr><td><b>Test method</b></td>
<td width="30%"><b>Exception</b></td>
<td width="10%"><b>Time (seconds)</b></td>
<td><b>Instance</b></td>
</tr>
<tr>
<td title='tests_doceo.Test2_parent.parentreg()'><b>parentreg</b><br>Test class: tests_doceo.Test2_parent<br>Parameters: newfather1, newfather1t, newmother1, newmother1t, C:\\Users\\user\\Pictures\\Capture.PNG, C:\\Users\\user\\Pictures\\Capture.PNG, 8.000000001E9, newfather1@gmail.com, 9.000000001E9, newmother1@gmail.com, Businessman, Nurse, newchild1, newchild1t, 9.100000001E9, LB Nagar, 500003.0</td>
<td></td>
<td>24</td>
<td>tests_doceo.Test2_parent@2f9f7dcf</td></tr>
<tr>
<td title='tests_doceo.Directory_test.registerStudentTest()'><b>registerStudentTest</b><br>Test class: tests_doceo.Directory_test<br>Parameters: sStudent1, Arjun_Tel, 22875.0, 1845.0, 9374.0, 28627.0, 01-01-2025, 15-09-2025, B+, Male, BC, ST, Christian, హిందూ, Indian, భారతీయుడు, Father, తండ్రి, Guardian, గార్డియన్, 9.738400635E9, C:\\Users\\user\\Pictures\\Capture.PNG, C:\\Users\\user\\Pictures\\Capture.PNG</td>
<td></td>
<td>19</td>
<td>tests_doceo.Directory_test@6d763516</td></tr>
<tr>
<td title='tests_doceo.Directory_test.registerStudentTest()'><b>registerStudentTest</b><br>Test class: tests_doceo.Directory_test<br>Parameters: sStudent2, Arjun_Tel, 26744.0, 2732.0, 22587.0, 22962.0, 01-07-2025, 15-04-2025, O+, Male, BC, SC, Muslim, క్రైస్తవ, Indian, భారతీయుడు, Father, తండ్రి, Guardian, గార్డియన్, 9.857932938E9, C:\\Users\\user\\Pictures\\Capture.PNG, C:\\Users\\user\\Pictures\\Capture.PNG</td>
<td></td>
<td>18</td>
<td>tests_doceo.Directory_test@6d763516</td></tr>
<tr>
<td title='tests_doceo.Test_class.class_data()'><b>class_data</b><br>Test class: tests_doceo.Test_class<br>Parameters: Class_1_EN, Class_1_TEL, 2025-26, 1500, 21</td>
<td></td>
<td>23</td>
<td>tests_doceo.Test_class@72967906</td></tr>
<tr>
<td title='tests_doceo.Test_class.class_data()'><b>class_data</b><br>Test class: tests_doceo.Test_class<br>Parameters: Class_2_EN, Class_2_TEL, 2025-26, 2000, 22</td>
<td></td>
<td>21</td>
<td>tests_doceo.Test_class@72967906</td></tr>
<tr>
<td title='tests_doceo.Directory_test.registerStudentTest()'><b>registerStudentTest</b><br>Test class: tests_doceo.Directory_test<br>Parameters: sStudent0, Swathi_Tel, 27892.0, 3042.0, 10218.0, 11157.0, 01-05-2025, 15-06-2025, B+, Female, SC, OC, Christian, హిందూ, Indian, భారతీయుడు, Father, తండ్రి, Guardian, గార్డియన్, 9.679485852E9, C:\\Users\\user\\Pictures\\Capture.PNG, C:\\Users\\user\\Pictures\\Capture.PNG</td>
<td></td>
<td>16</td>
<td>tests_doceo.Directory_test@6d763516</td></tr>
<tr>
<td title='tests_doceo.Test2_parent.parentreg()'><b>parentreg</b><br>Test class: tests_doceo.Test2_parent<br>Parameters: newfather3, newfather3t, newmother3, newmother3t, C:\\Users\\user\\Pictures\\Capture.PNG, C:\\Users\\user\\Pictures\\Capture.PNG, 8.000000003E9, newfather3@gmail.com, 9.000000003E9, newmother3@gmail.com, Businessman, Banker, newchild3, newchild3t, 9.100000003E9, Kukatpally, 500003.0</td>
<td></td>
<td>11</td>
<td>tests_doceo.Test2_parent@2f9f7dcf</td></tr>
<tr>
<td title='tests_doceo.Test2_parent.parentreg()'><b>parentreg</b><br>Test class: tests_doceo.Test2_parent<br>Parameters: newfather2, newfather2t, newmother2, newmother2t, C:\\Users\\user\\Pictures\\Capture.PNG, C:\\Users\\user\\Pictures\\Capture.PNG, 8.000000002E9, newfather2@gmail.com, 9.000000002E9, newmother2@gmail.com, Engineer, Designer, newchild2, newchild2t, 9.100000002E9, Gachibowli, 500004.0</td>
<td></td>
<td>10</td>
<td>tests_doceo.Test2_parent@2f9f7dcf</td></tr>
</table><p>
<table width='100%' border='1' class='invocation-skipped'>
<tr><td colspan='4' align='center'><b>SKIPPED TESTS</b></td></tr>
<tr><td><b>Test method</b></td>
<td width="30%"><b>Exception</b></td>
<td width="10%"><b>Time (seconds)</b></td>
<td><b>Instance</b></td>
</tr>
<tr>
<td title='tests_doceo.Test_academic_year.section_data()'><b>section_data</b><br>Test class: tests_doceo.Test_academic_year</td>
<td><div><pre>java.lang.RuntimeException: java.io.FileNotFoundException: C:\Users\user\Downloads\academicyearData.xlsx (The system cannot find the file specified)
	at java.base/java.util.concurrent.ThreadPoolExecutor.runWorker(ThreadPoolExecutor.java:1144)
	at java.base/java.util.concurrent.ThreadPoolExecutor$Worker.run(ThreadPoolExecutor.java:642)
	at java.base/java.lang.Thread.run(Thread.java:1583)
Caused by: java.io.FileNotFoundException: C:\Users\user\Downloads\academicyearData.xlsx (The system cannot find the file specified)
	at java.base/java.io.FileInputStream.open0(Native Method)
	at java.base/java.io.FileInputStream.open(FileInputStream.java:213)
	at java.base/java.io.FileInputStream.&lt;init&gt;(FileInputStream.java:152)
	at java.base/java.io.FileInputStream.&lt;init&gt;(FileInputStream.java:106)
	at utilities.ExcelUtils.getExcelData(ExcelUtils.java:50)
	at tests_doceo.Test_academic_year.getacademicyearExcelData(Test_academic_year.java:55)
	... 12 more
... Removed 15 stack frames</pre></div><a href='#' onClick='toggleBox("stack-trace678984968", this, "Click to show all stack frames", "Click to hide stack frames")'>Click to show all stack frames</a>
<div class='stack-trace' id='stack-trace678984968'><pre>java.lang.RuntimeException: java.io.FileNotFoundException: C:\Users\user\Downloads\academicyearData.xlsx (The system cannot find the file specified)
	at org.testng.internal.MethodInvocationHelper.invokeMethodNoCheckedException(MethodInvocationHelper.java:50)
	at org.testng.internal.MethodInvocationHelper.invokeDataProvider(MethodInvocationHelper.java:146)
	at org.testng.internal.Parameters.handleParameters(Parameters.java:798)
	at org.testng.internal.Parameters.handleParameters(Parameters.java:740)
	at org.testng.internal.ParameterHandler.handleParameters(ParameterHandler.java:59)
	at org.testng.internal.ParameterHandler.createParameters(ParameterHandler.java:38)
	at org.testng.internal.TestInvoker$MethodInvocationAgent.invoke(TestInvoker.java:791)
	at org.testng.internal.TestInvoker.invokeTestMethods(TestInvoker.java:146)
	at org.testng.internal.TestMethodWorker.invokeTestMethods(TestMethodWorker.java:146)
	at org.testng.internal.TestMethodWorker.run(TestMethodWorker.java:128)
	at java.base/java.util.concurrent.ThreadPoolExecutor.runWorker(ThreadPoolExecutor.java:1144)
	at java.base/java.util.concurrent.ThreadPoolExecutor$Worker.run(ThreadPoolExecutor.java:642)
	at java.base/java.lang.Thread.run(Thread.java:1583)
Caused by: java.io.FileNotFoundException: C:\Users\user\Downloads\academicyearData.xlsx (The system cannot find the file specified)
	at java.base/java.io.FileInputStream.open0(Native Method)
	at java.base/java.io.FileInputStream.open(FileInputStream.java:213)
	at java.base/java.io.FileInputStream.&lt;init&gt;(FileInputStream.java:152)
	at java.base/java.io.FileInputStream.&lt;init&gt;(FileInputStream.java:106)
	at utilities.ExcelUtils.getExcelData(ExcelUtils.java:50)
	at tests_doceo.Test_academic_year.getacademicyearExcelData(Test_academic_year.java:55)
	at java.base/jdk.internal.reflect.DirectMethodHandleAccessor.invoke(DirectMethodHandleAccessor.java:103)
	at java.base/java.lang.reflect.Method.invoke(Method.java:580)
	at org.testng.internal.MethodInvocationHelper.invokeMethod(MethodInvocationHelper.java:133)
	at org.testng.internal.MethodInvocationHelper.invokeMethod(MethodInvocationHelper.java:77)
	at org.testng.internal.MethodInvocationHelper.invokeMethodNoCheckedException(MethodInvocationHelper.java:46)
	... 12 more
</pre></div></td>
<td>0</td>
<td>tests_doceo.Test_academic_year@1a482e36</td></tr>
<tr>
<td title='tests_doceo.Test_section.section_data()'><b>section_data</b><br>Test class: tests_doceo.Test_section</td>
<td><div><pre>java.lang.RuntimeException: java.io.FileNotFoundException: C:\Users\user\Downloads\sectionData.xlsx (The system cannot find the file specified)
	at java.base/java.util.concurrent.ThreadPoolExecutor.runWorker(ThreadPoolExecutor.java:1144)
	at java.base/java.util.concurrent.ThreadPoolExecutor$Worker.run(ThreadPoolExecutor.java:642)
	at java.base/java.lang.Thread.run(Thread.java:1583)
Caused by: java.io.FileNotFoundException: C:\Users\user\Downloads\sectionData.xlsx (The system cannot find the file specified)
	at java.base/java.io.FileInputStream.open0(Native Method)
	at java.base/java.io.FileInputStream.open(FileInputStream.java:213)
	at java.base/java.io.FileInputStream.&lt;init&gt;(FileInputStream.java:152)
	at java.base/java.io.FileInputStream.&lt;init&gt;(FileInputStream.java:106)
	at utilities.ExcelUtils.getExcelData(ExcelUtils.java:50)
	at tests_doceo.Test_section.getsectionExcelData(Test_section.java:16)
	... 12 more
... Removed 15 stack frames</pre></div><a href='#' onClick='toggleBox("stack-trace863777151", this, "Click to show all stack frames", "Click to hide stack frames")'>Click to show all stack frames</a>
<div class='stack-trace' id='stack-trace863777151'><pre>java.lang.RuntimeException: java.io.FileNotFoundException: C:\Users\user\Downloads\sectionData.xlsx (The system cannot find the file specified)
	at org.testng.internal.MethodInvocationHelper.invokeMethodNoCheckedException(MethodInvocationHelper.java:50)
	at org.testng.internal.MethodInvocationHelper.invokeDataProvider(MethodInvocationHelper.java:146)
	at org.testng.internal.Parameters.handleParameters(Parameters.java:798)
	at org.testng.internal.Parameters.handleParameters(Parameters.java:740)
	at org.testng.internal.ParameterHandler.handleParameters(ParameterHandler.java:59)
	at org.testng.internal.ParameterHandler.createParameters(ParameterHandler.java:38)
	at org.testng.internal.TestInvoker$MethodInvocationAgent.invoke(TestInvoker.java:791)
	at org.testng.internal.TestInvoker.invokeTestMethods(TestInvoker.java:146)
	at org.testng.internal.TestMethodWorker.invokeTestMethods(TestMethodWorker.java:146)
	at org.testng.internal.TestMethodWorker.run(TestMethodWorker.java:128)
	at java.base/java.util.concurrent.ThreadPoolExecutor.runWorker(ThreadPoolExecutor.java:1144)
	at java.base/java.util.concurrent.ThreadPoolExecutor$Worker.run(ThreadPoolExecutor.java:642)
	at java.base/java.lang.Thread.run(Thread.java:1583)
Caused by: java.io.FileNotFoundException: C:\Users\user\Downloads\sectionData.xlsx (The system cannot find the file specified)
	at java.base/java.io.FileInputStream.open0(Native Method)
	at java.base/java.io.FileInputStream.open(FileInputStream.java:213)
	at java.base/java.io.FileInputStream.&lt;init&gt;(FileInputStream.java:152)
	at java.base/java.io.FileInputStream.&lt;init&gt;(FileInputStream.java:106)
	at utilities.ExcelUtils.getExcelData(ExcelUtils.java:50)
	at tests_doceo.Test_section.getsectionExcelData(Test_section.java:16)
	at java.base/jdk.internal.reflect.DirectMethodHandleAccessor.invoke(DirectMethodHandleAccessor.java:103)
	at java.base/java.lang.reflect.Method.invoke(Method.java:580)
	at org.testng.internal.MethodInvocationHelper.invokeMethod(MethodInvocationHelper.java:133)
	at org.testng.internal.MethodInvocationHelper.invokeMethod(MethodInvocationHelper.java:77)
	at org.testng.internal.MethodInvocationHelper.invokeMethodNoCheckedException(MethodInvocationHelper.java:46)
	... 12 more
</pre></div></td>
<td>0</td>
<td>tests_doceo.Test_section@5b8dfcc1</td></tr>
</table><p>
</body>
</html>