<?xml version="1.0" encoding="UTF-8"?>
<!-- Generated by org.testng.reporters.JUnitXMLReporter -->
<testsuite ignored="0" hostname="DESKTOP-M25PAQD" failures="2" tests="2" name="ScreenshotValidationRun1" time="14.855" errors="0" timestamp="2026-02-24T18:10:01 IST">
  <testcase classname="tests_doceo.SampleFailTest" name="failTestOne" time="0.047">
    <failure type="java.lang.AssertionError" message="expected [Wrong Title] but found [Doceo | Home 1]">
      <![CDATA[java.lang.AssertionError: expected [Wrong Title] but found [Doceo | Home 1]
at tests_doceo.SampleFailTest.failTestOne(SampleFailTest.java:14)
at java.base/java.util.concurrent.ThreadPoolExecutor.runWorker(ThreadPoolExecutor.java:1144)
at java.base/java.util.concurrent.ThreadPoolExecutor$Worker.run(ThreadPoolExecutor.java:642)
at java.base/java.lang.Thread.run(Thread.java:1583)
... Removed 16 stack frames]]>
    </failure>
  </testcase> <!-- failTestOne -->
  <testcase classname="tests_doceo.SampleFailTest" name="failTestTwo" time="0.002">
    <failure type="java.lang.AssertionError" message="Force failure for screenshot expected [true] but found [false]">
      <![CDATA[java.lang.AssertionError: Force failure for screenshot expected [true] but found [false]
at tests_doceo.SampleFailTest.failTestTwo(SampleFailTest.java:20)
at java.base/java.util.concurrent.ThreadPoolExecutor.runWorker(ThreadPoolExecutor.java:1144)
at java.base/java.util.concurrent.ThreadPoolExecutor$Worker.run(ThreadPoolExecutor.java:642)
at java.base/java.lang.Thread.run(Thread.java:1583)
... Removed 13 stack frames]]>
    </failure>
  </testcase> <!-- failTestTwo -->
</testsuite> <!-- ScreenshotValidationRun1 -->
