<?xml version="1.0" encoding="UTF-8"?>
<!-- Generated by org.testng.reporters.JUnitXMLReporter -->
<testsuite ignored="0" hostname="DESKTOP-M25PAQD" failures="0" tests="4" name="Default test" time="97.127" errors="0" timestamp="2026-02-13T15:37:44 IST">
  <testcase classname="tests_doceo.Directory_test" name="registerStudentTest" time="19.48"/>
  <testcase classname="tests_doceo.Directory_test" name="registerStudentTest" time="18.618"/>
  <testcase classname="tests_doceo.Directory_test" name="registerStudentTest" time="18.504"/>
  <testcase classname="tests_doceo.Directory_test" name="registerStudentTest" time="18.411"/>
</testsuite> <!-- Default test -->
