<?xml version="1.0" encoding="UTF-8"?>
<!-- Generated by org.testng.reporters.JUnitReportReporter -->
<testsuite hostname="DESKTOP-M25PAQD" failures="0" tests="3" name="tests_doceo.Directory_test" time="93.785" errors="0" timestamp="2026-02-24T17:58:52 IST" skipped="0">
  <testcase classname="tests_doceo.Directory_test" name="registerStudentTest" time="26.338"/>
  <system-out/>
  <testcase classname="tests_doceo.Directory_test" name="registerStudentTest" time="27.510"/>
  <system-out/>
  <testcase classname="tests_doceo.Directory_test" name="registerStudentTest" time="39.937"/>
  <system-out/>
</testsuite> <!-- tests_doceo.Directory_test -->
