<?xml version="1.0" encoding="UTF-8"?>
<!-- Generated by org.testng.reporters.JUnitReportReporter -->
<testsuite hostname="DESKTOP-M25PAQD" failures="1" tests="1" name="tests_doceo.Failclass" time="0.014" errors="0" timestamp="2026-02-19T12:02:58 IST" skipped="0">
  <testcase classname="tests_doceo.Failclass" name="addSectionTest" time="0.014">
    <failure message="Intentional failure to test testng-failed.xml" type="java.lang.AssertionError">
      <![CDATA[java.lang.AssertionError: Intentional failure to test testng-failed.xml
at org.testng.Assert.fail(Assert.java:99)
at tests_doceo.Failclass.addSectionTest(Failclass.java:10)
at java.base/jdk.internal.reflect.DirectMethodHandleAccessor.invoke(DirectMethodHandleAccessor.java:103)
at java.base/java.lang.reflect.Method.invoke(Method.java:580)
at org.testng.internal.MethodInvocationHelper.invokeMethod(MethodInvocationHelper.java:133)
at org.testng.internal.TestInvoker.invokeMethod(TestInvoker.java:598)
at org.testng.internal.TestInvoker.invokeTestMethod(TestInvoker.java:173)
at org.testng.internal.MethodRunner.runInSequence(MethodRunner.java:46)
at org.testng.internal.TestInvoker$MethodInvocationAgent.invoke(TestInvoker.java:824)
at org.testng.internal.TestInvoker.invokeTestMethods(TestInvoker.java:146)
at org.testng.internal.TestMethodWorker.invokeTestMethods(TestMethodWorker.java:146)
at org.testng.internal.TestMethodWorker.run(TestMethodWorker.java:128)
at java.base/java.util.concurrent.ThreadPoolExecutor.runWorker(ThreadPoolExecutor.java:1144)
at java.base/java.util.concurrent.ThreadPoolExecutor$Worker.run(ThreadPoolExecutor.java:642)
at java.base/java.lang.Thread.run(Thread.java:1583)
]]>
    </failure>
  </testcase> <!-- addSectionTest -->
  <system-out/>
</testsuite> <!-- tests_doceo.Failclass -->
