<?xml version="1.0" encoding="UTF-8"?>
<!-- Generated by org.testng.reporters.JUnitReportReporter -->
<testsuite hostname="DESKTOP-M25PAQD" failures="0" tests="6" name="concito2.FlipkartOrderRegressionTest" time="3.582" errors="1" timestamp="2025-08-05T12:31:47 IST" skipped="5">
  <testcase classname="concito2.FlipkartOrderRegressionTest" name="setup" time="3.582">
    <error message="config.properties (The system cannot find the file specified)" type="java.io.FileNotFoundException">
      <![CDATA[java.io.FileNotFoundException: config.properties (The system cannot find the file specified)
at java.base/java.io.FileInputStream.open0(Native Method)
at java.base/java.io.FileInputStream.open(FileInputStream.java:216)
at java.base/java.io.FileInputStream.<init>(FileInputStream.java:157)
at java.base/java.io.FileInputStream.<init>(FileInputStream.java:111)
at concito2.FlipkartOrderRegressionTest.setup(FlipkartOrderRegressionTest.java:51)
at java.base/jdk.internal.reflect.NativeMethodAccessorImpl.invoke0(Native Method)
at java.base/jdk.internal.reflect.NativeMethodAccessorImpl.invoke(NativeMethodAccessorImpl.java:77)
at java.base/jdk.internal.reflect.DelegatingMethodAccessorImpl.invoke(DelegatingMethodAccessorImpl.java:43)
at java.base/java.lang.reflect.Method.invoke(Method.java:568)
at org.testng.internal.MethodInvocationHelper.invokeMethod(MethodInvocationHelper.java:133)
at org.testng.internal.MethodInvocationHelper.invokeMethodConsideringTimeout(MethodInvocationHelper.java:62)
at org.testng.internal.ConfigInvoker.invokeConfigurationMethod(ConfigInvoker.java:385)
at org.testng.internal.ConfigInvoker.invokeConfigurations(ConfigInvoker.java:321)
at org.testng.TestRunner.invokeTestConfigurations(TestRunner.java:637)
at org.testng.TestRunner.beforeRun(TestRunner.java:627)
at org.testng.TestRunner.run(TestRunner.java:589)
at org.testng.SuiteRunner.runTest(SuiteRunner.java:377)
at org.testng.SuiteRunner.runSequentially(SuiteRunner.java:371)
at org.testng.SuiteRunner.privateRun(SuiteRunner.java:332)
at org.testng.SuiteRunner.run(SuiteRunner.java:276)
at org.testng.SuiteRunnerWorker.runSuite(SuiteRunnerWorker.java:53)
at org.testng.SuiteRunnerWorker.run(SuiteRunnerWorker.java:96)
at org.testng.TestNG.runSuitesSequentially(TestNG.java:1212)
at org.testng.TestNG.runSuitesLocally(TestNG.java:1134)
at org.testng.TestNG.runSuites(TestNG.java:1063)
at org.testng.TestNG.run(TestNG.java:1031)
at org.testng.remote.AbstractRemoteTestNG.run(AbstractRemoteTestNG.java:115)
at org.testng.remote.RemoteTestNG.initAndRun(RemoteTestNG.java:293)
at org.testng.remote.RemoteTestNG.main(RemoteTestNG.java:91)
]]>
    </error>
  </testcase> <!-- setup -->
  <system-out/>
  <testcase classname="concito2.FlipkartOrderRegressionTest" name="testSearchAndProductDiscovery" time="0.000">
    <skipped/>
  </testcase> <!-- testSearchAndProductDiscovery -->
  <system-out/>
  <testcase classname="concito2.FlipkartOrderRegressionTest" name="testAddToCart" time="0.000">
    <skipped/>
  </testcase> <!-- testAddToCart -->
  <system-out/>
  <testcase classname="concito2.FlipkartOrderRegressionTest" name="testCheckout" time="0.000">
    <skipped/>
  </testcase> <!-- testCheckout -->
  <system-out/>
  <testcase classname="concito2.FlipkartOrderRegressionTest" name="testPayment" time="0.000">
    <skipped/>
  </testcase> <!-- testPayment -->
  <system-out/>
  <testcase classname="concito2.FlipkartOrderRegressionTest" name="testOrderConfirmation" time="0.000">
    <skipped/>
  </testcase> <!-- testOrderConfirmation -->
  <system-out/>
</testsuite> <!-- concito2.FlipkartOrderRegressionTest -->
