<?xml version="1.0" encoding="UTF-8"?>
<!-- Generated by org.testng.reporters.JUnitReportReporter -->
<testsuite hostname="DESKTOP-M25PAQD" failures="0" tests="3" name="tests_doceo.Test2_parent" time="84.012" errors="0" timestamp="2026-02-24T17:58:52 IST" skipped="0">
  <testcase classname="tests_doceo.Test2_parent" name="parentreg" time="46.566"/>
  <system-out/>
  <testcase classname="tests_doceo.Test2_parent" name="parentreg" time="18.117"/>
  <system-out/>
  <testcase classname="tests_doceo.Test2_parent" name="parentreg" time="19.329"/>
  <system-out/>
</testsuite> <!-- tests_doceo.Test2_parent -->
