<?xml version="1.0" encoding="UTF-8"?>
<!-- Generated by org.testng.reporters.JUnitReportReporter -->
<testsuite hostname="DESKTOP-M25PAQD" failures="0" tests="2" name="tests_doceo.Test_class" time="77.547" errors="0" timestamp="2026-02-24T17:58:52 IST" skipped="0">
  <testcase classname="tests_doceo.Test_class" name="class_data" time="46.541"/>
  <system-out/>
  <testcase classname="tests_doceo.Test_class" name="class_data" time="31.006"/>
  <system-out/>
</testsuite> <!-- tests_doceo.Test_class -->
